Base path: C:/Program Files/Unity5.6/Editor/Data
Cmd: initializeCompiler
Cmd: preprocess
  insize=3078 outsize=304 ok=1
Cmd: preprocess
  insize=6664 outsize=3110 ok=1
Cmd: preprocess
  insize=11491 outsize=935 ok=1
Cmd: preprocess
  insize=1467 outsize=219 ok=1
Cmd: preprocess
  insize=746 outsize=218 ok=1
Cmd: preprocess
  insize=9887 outsize=300 ok=1
Cmd: preprocess
  insize=1802 outsize=303 ok=1
Cmd: preprocess
  insize=2466 outsize=831 ok=1
Cmd: preprocess
  insize=6227 outsize=364 ok=1
Cmd: preprocess
  insize=597 outsize=217 ok=1
Cmd: preprocess
  insize=1656 outsize=350 ok=1
Cmd: preprocess
  insize=3127 outsize=789 ok=1
Cmd: preprocess
  insize=6818 outsize=397 ok=1
Cmd: preprocess
  insize=5259 outsize=526 ok=1
Cmd: preprocess
  insize=1552 outsize=222 ok=1
Cmd: preprocess
  insize=3562 outsize=223 ok=1
Cmd: preprocess
  insize=11733 outsize=997 ok=1
Cmd: preprocess
  insize=2679 outsize=303 ok=1
Cmd: preprocess
  insize=5908 outsize=1251 ok=1
Cmd: preprocess
  insize=1121 outsize=390 ok=1
Cmd: preprocess
  insize=3085 outsize=1373 ok=1
Cmd: preprocess
  insize=3632 outsize=364 ok=1
Cmd: preprocess
  insize=4376 outsize=554 ok=1
Cmd: preprocess
  insize=2555 outsize=220 ok=1
Cmd: preprocess
  insize=1979 outsize=735 ok=1
Cmd: preprocess
  insize=1344 outsize=291 ok=1
Cmd: compileCompute
  api=4 insize=1950 outsize=1897 ok=1
Cmd: compileCompute
  api=4 insize=713 outsize=853 ok=1
Cmd: compileCompute
  api=4 insize=7141 outsize=19601 ok=1
Cmd: compileCompute
  api=4 insize=4733 outsize=22537 ok=1
Cmd: compileCompute
  api=4 insize=2191 outsize=2573 ok=1
Cmd: compileCompute
  api=4 insize=8971 outsize=43865 ok=1
Cmd: compileCompute
  api=4 insize=5246 outsize=6461 ok=1
Cmd: compileCompute
  api=4 insize=2571 outsize=1717 ok=1
Cmd: compileCompute
  api=4 insize=1703 outsize=1973 ok=1
Cmd: compileCompute
  api=4 insize=1333 outsize=2097 ok=1
Cmd: compileCompute
  api=4 insize=1421 outsize=1025 ok=1
